2025-10-01T22:00:07.675+01:00  INFO 408 --- [omis-backend] [main] com.tms.palm.omis.OmisApplication        : Starting OmisApplication v0.0.1-SNAPSHOT using Java 21.0.4 with PID 408 (/Users/matheus.lubarino/Documents/workspace/omis-backend/target/omis-backend-0.0.1-SNAPSHOT.jar started by matheus.lubarino in /Users/matheus.lubarino/Documents/workspace/playground)
2025-10-01T22:00:07.705+01:00  INFO 408 --- [omis-backend] [main] com.tms.palm.omis.OmisApplication        : The following 1 profile is active: "dev"
2025-10-01T22:00:08.244+01:00  INFO 408 --- [omis-backend] [main] .s.d.r.c.RepositoryConfigurationDelegate : Bootstrapping Spring Data JPA repositories in DEFAULT mode.
2025-10-01T22:00:08.358+01:00  INFO 408 --- [omis-backend] [main] .s.d.r.c.RepositoryConfigurationDelegate : Finished Spring Data repository scanning in 108 ms. Found 6 JPA repository interfaces.
2025-10-01T22:00:08.623+01:00  INFO 408 --- [omis-backend] [main] com.zaxxer.hikari.HikariDataSource       : HikariPool-1 - Starting...
2025-10-01T22:00:08.760+01:00  INFO 408 --- [omis-backend] [main] com.zaxxer.hikari.pool.HikariPool        : HikariPool-1 - Added connection org.postgresql.jdbc.PgConnection@5c4714ef
2025-10-01T22:00:08.761+01:00  INFO 408 --- [omis-backend] [main] com.zaxxer.hikari.HikariDataSource       : HikariPool-1 - Start completed.
2025-10-01T22:00:08.778+01:00  INFO 408 --- [omis-backend] [main] org.flywaydb.core.FlywayExecutor         : Database: jdbc:postgresql://localhost:5432/omis (PostgreSQL 17.5)
2025-10-01T22:00:08.817+01:00  INFO 408 --- [omis-backend] [main] o.f.core.internal.command.DbValidate     : Successfully validated 20 migrations (execution time 00:00.023s)
2025-10-01T22:00:08.852+01:00  INFO 408 --- [omis-backend] [main] o.f.core.internal.command.DbMigrate      : Current version of schema "public": 21
2025-10-01T22:00:08.854+01:00  INFO 408 --- [omis-backend] [main] o.f.core.internal.command.DbMigrate      : Schema "public" is up to date. No migration necessary.
2025-10-01T22:00:09.171+01:00  INFO 408 --- [omis-backend] [main] o.hibernate.jpa.internal.util.LogHelper  : HHH000204: Processing PersistenceUnitInfo [name: default]
2025-10-01T22:00:09.220+01:00  INFO 408 --- [omis-backend] [main] org.hibernate.Version                    : HHH000412: Hibernate ORM core version 6.6.15.Final
2025-10-01T22:00:09.247+01:00  INFO 408 --- [omis-backend] [main] o.h.c.internal.RegionFactoryInitiator    : HHH000026: Second-level cache disabled
2025-10-01T22:00:09.355+01:00  INFO 408 --- [omis-backend] [main] org.hibernate.orm.connections.pooling    : HHH10001005: Database info:
	Database JDBC URL [Connecting through datasource 'HikariDataSource (HikariPool-1)']
	Database driver: undefined/unknown
	Database version: 17.5
	Autocommit mode: undefined/unknown
	Isolation level: undefined/unknown
	Minimum pool size: undefined/unknown
	Maximum pool size: undefined/unknown
2025-10-01T22:00:09.502+01:00  INFO 408 --- [omis-backend] [main] o.s.o.j.p.SpringPersistenceUnitInfo      : No LoadTimeWeaver setup: ignoring JPA class transformer
2025-10-01T22:00:10.186+01:00  INFO 408 --- [omis-backend] [main] o.h.e.t.j.p.i.JtaPlatformInitiator       : HHH000489: No JTA platform available (set 'hibernate.transaction.jta.platform' to enable JTA platform integration)
2025-10-01T22:00:10.188+01:00  INFO 408 --- [omis-backend] [main] j.LocalContainerEntityManagerFactoryBean : Initialized JPA EntityManagerFactory for persistence unit 'default'
2025-10-01T22:00:10.353+01:00  INFO 408 --- [omis-backend] [main] o.s.d.j.r.query.QueryEnhancerFactory     : Hibernate is in classpath; If applicable, HQL parser will be used.
2025-10-01T22:00:11.149+01:00  INFO 408 --- [omis-backend] [main] o.s.a.m.s.a.McpServerAutoConfiguration   : Enable tools capabilities, notification: true
2025-10-01T22:00:11.149+01:00  INFO 408 --- [omis-backend] [main] o.s.a.m.s.a.McpServerAutoConfiguration   : Registered tools: 1
2025-10-01T22:00:11.149+01:00  INFO 408 --- [omis-backend] [main] o.s.a.m.s.a.McpServerAutoConfiguration   : Enable resources capabilities, notification: true
2025-10-01T22:00:11.150+01:00  INFO 408 --- [omis-backend] [main] o.s.a.m.s.a.McpServerAutoConfiguration   : Enable prompts capabilities, notification: true
2025-10-01T22:00:11.150+01:00  INFO 408 --- [omis-backend] [main] o.s.a.m.s.a.McpServerAutoConfiguration   : Enable completions capabilities
2025-10-01T22:00:11.336+01:00  INFO 408 --- [omis-backend] [main] com.tms.palm.omis.OmisApplication        : Started OmisApplication in 4.063 seconds (process running for 4.34)
2025-10-01T22:01:00.006+01:00  INFO 408 --- [omis-backend] [SpringApplicationShutdownHook] j.LocalContainerEntityManagerFactoryBean : Closing JPA EntityManagerFactory for persistence unit 'default'
2025-10-01T22:01:00.008+01:00  INFO 408 --- [omis-backend] [SpringApplicationShutdownHook] com.zaxxer.hikari.HikariDataSource       : HikariPool-1 - Shutdown initiated...
2025-10-01T22:01:00.011+01:00  INFO 408 --- [omis-backend] [SpringApplicationShutdownHook] com.zaxxer.hikari.HikariDataSource       : HikariPool-1 - Shutdown completed.
2025-10-01T22:04:06.453+01:00  INFO 1315 --- [omis-backend] [main] com.tms.palm.omis.OmisApplication        : Starting OmisApplication v0.0.1-SNAPSHOT using Java 21.0.4 with PID 1315 (/Users/matheus.lubarino/Documents/workspace/omis-backend/target/omis-backend-0.0.1-SNAPSHOT.jar started by matheus.lubarino in /Users/matheus.lubarino/Documents/workspace/playground)
2025-10-01T22:04:06.480+01:00  INFO 1315 --- [omis-backend] [main] com.tms.palm.omis.OmisApplication        : The following 1 profile is active: "dev"
2025-10-01T22:04:07.011+01:00  INFO 1315 --- [omis-backend] [main] .s.d.r.c.RepositoryConfigurationDelegate : Bootstrapping Spring Data JPA repositories in DEFAULT mode.
2025-10-01T22:04:07.119+01:00  INFO 1315 --- [omis-backend] [main] .s.d.r.c.RepositoryConfigurationDelegate : Finished Spring Data repository scanning in 103 ms. Found 6 JPA repository interfaces.
2025-10-01T22:04:07.395+01:00  INFO 1315 --- [omis-backend] [main] com.zaxxer.hikari.HikariDataSource       : HikariPool-1 - Starting...
2025-10-01T22:04:07.547+01:00  INFO 1315 --- [omis-backend] [main] com.zaxxer.hikari.pool.HikariPool        : HikariPool-1 - Added connection org.postgresql.jdbc.PgConnection@3d53e876
2025-10-01T22:04:07.548+01:00  INFO 1315 --- [omis-backend] [main] com.zaxxer.hikari.HikariDataSource       : HikariPool-1 - Start completed.
2025-10-01T22:04:07.572+01:00  INFO 1315 --- [omis-backend] [main] org.flywaydb.core.FlywayExecutor         : Database: jdbc:postgresql://localhost:5432/omis (PostgreSQL 17.5)
2025-10-01T22:04:07.613+01:00  INFO 1315 --- [omis-backend] [main] o.f.core.internal.command.DbValidate     : Successfully validated 20 migrations (execution time 00:00.023s)
2025-10-01T22:04:07.639+01:00  INFO 1315 --- [omis-backend] [main] o.f.core.internal.command.DbMigrate      : Current version of schema "public": 21
2025-10-01T22:04:07.641+01:00  INFO 1315 --- [omis-backend] [main] o.f.core.internal.command.DbMigrate      : Schema "public" is up to date. No migration necessary.
2025-10-01T22:04:07.971+01:00  INFO 1315 --- [omis-backend] [main] o.hibernate.jpa.internal.util.LogHelper  : HHH000204: Processing PersistenceUnitInfo [name: default]
2025-10-01T22:04:08.016+01:00  INFO 1315 --- [omis-backend] [main] org.hibernate.Version                    : HHH000412: Hibernate ORM core version 6.6.15.Final
2025-10-01T22:04:08.045+01:00  INFO 1315 --- [omis-backend] [main] o.h.c.internal.RegionFactoryInitiator    : HHH000026: Second-level cache disabled
2025-10-01T22:04:08.153+01:00  INFO 1315 --- [omis-backend] [main] org.hibernate.orm.connections.pooling    : HHH10001005: Database info:
	Database JDBC URL [Connecting through datasource 'HikariDataSource (HikariPool-1)']
	Database driver: undefined/unknown
	Database version: 17.5
	Autocommit mode: undefined/unknown
	Isolation level: undefined/unknown
	Minimum pool size: undefined/unknown
	Maximum pool size: undefined/unknown
2025-10-01T22:04:08.298+01:00  INFO 1315 --- [omis-backend] [main] o.s.o.j.p.SpringPersistenceUnitInfo      : No LoadTimeWeaver setup: ignoring JPA class transformer
2025-10-01T22:04:08.934+01:00  INFO 1315 --- [omis-backend] [main] o.h.e.t.j.p.i.JtaPlatformInitiator       : HHH000489: No JTA platform available (set 'hibernate.transaction.jta.platform' to enable JTA platform integration)
2025-10-01T22:04:08.936+01:00  INFO 1315 --- [omis-backend] [main] j.LocalContainerEntityManagerFactoryBean : Initialized JPA EntityManagerFactory for persistence unit 'default'
2025-10-01T22:04:09.109+01:00  INFO 1315 --- [omis-backend] [main] o.s.d.j.r.query.QueryEnhancerFactory     : Hibernate is in classpath; If applicable, HQL parser will be used.
2025-10-01T22:04:09.861+01:00  INFO 1315 --- [omis-backend] [main] o.s.a.m.s.a.McpServerAutoConfiguration   : Enable tools capabilities, notification: true
2025-10-01T22:04:09.861+01:00  INFO 1315 --- [omis-backend] [main] o.s.a.m.s.a.McpServerAutoConfiguration   : Registered tools: 1
2025-10-01T22:04:09.862+01:00  INFO 1315 --- [omis-backend] [main] o.s.a.m.s.a.McpServerAutoConfiguration   : Enable resources capabilities, notification: true
2025-10-01T22:04:09.862+01:00  INFO 1315 --- [omis-backend] [main] o.s.a.m.s.a.McpServerAutoConfiguration   : Enable prompts capabilities, notification: true
2025-10-01T22:04:09.862+01:00  INFO 1315 --- [omis-backend] [main] o.s.a.m.s.a.McpServerAutoConfiguration   : Enable completions capabilities
2025-10-01T22:04:10.063+01:00  INFO 1315 --- [omis-backend] [main] com.tms.palm.omis.OmisApplication        : Started OmisApplication in 3.981 seconds (process running for 4.243)
2025-10-01T22:04:12.164+01:00  INFO 1315 --- [omis-backend] [SpringApplicationShutdownHook] j.LocalContainerEntityManagerFactoryBean : Closing JPA EntityManagerFactory for persistence unit 'default'
2025-10-01T22:04:12.166+01:00  INFO 1315 --- [omis-backend] [SpringApplicationShutdownHook] com.zaxxer.hikari.HikariDataSource       : HikariPool-1 - Shutdown initiated...
2025-10-01T22:04:12.168+01:00  INFO 1315 --- [omis-backend] [SpringApplicationShutdownHook] com.zaxxer.hikari.HikariDataSource       : HikariPool-1 - Shutdown completed.
2025-10-01T22:04:37.907+01:00  INFO 1980 --- [omis-backend] [main] com.tms.palm.omis.OmisApplication        : Starting OmisApplication v0.0.1-SNAPSHOT using Java 21.0.4 with PID 1980 (/Users/matheus.lubarino/Documents/workspace/omis-backend/target/omis-backend-0.0.1-SNAPSHOT.jar started by matheus.lubarino in /Users/matheus.lubarino/Documents/workspace/playground)
2025-10-01T22:04:37.909+01:00  INFO 1980 --- [omis-backend] [main] com.tms.palm.omis.OmisApplication        : The following 1 profile is active: "dev"
2025-10-01T22:04:38.473+01:00  INFO 1980 --- [omis-backend] [main] .s.d.r.c.RepositoryConfigurationDelegate : Bootstrapping Spring Data JPA repositories in DEFAULT mode.
2025-10-01T22:04:38.587+01:00  INFO 1980 --- [omis-backend] [main] .s.d.r.c.RepositoryConfigurationDelegate : Finished Spring Data repository scanning in 108 ms. Found 6 JPA repository interfaces.
2025-10-01T22:04:38.873+01:00  INFO 1980 --- [omis-backend] [main] com.zaxxer.hikari.HikariDataSource       : HikariPool-1 - Starting...
2025-10-01T22:04:39.010+01:00  INFO 1980 --- [omis-backend] [main] com.zaxxer.hikari.pool.HikariPool        : HikariPool-1 - Added connection org.postgresql.jdbc.PgConnection@7b451bf4
2025-10-01T22:04:39.011+01:00  INFO 1980 --- [omis-backend] [main] com.zaxxer.hikari.HikariDataSource       : HikariPool-1 - Start completed.
2025-10-01T22:04:39.029+01:00  INFO 1980 --- [omis-backend] [main] org.flywaydb.core.FlywayExecutor         : Database: jdbc:postgresql://localhost:5432/omis (PostgreSQL 17.5)
2025-10-01T22:04:39.073+01:00  INFO 1980 --- [omis-backend] [main] o.f.core.internal.command.DbValidate     : Successfully validated 20 migrations (execution time 00:00.022s)
2025-10-01T22:04:39.092+01:00  INFO 1980 --- [omis-backend] [main] o.f.core.internal.command.DbMigrate      : Current version of schema "public": 21
2025-10-01T22:04:39.093+01:00  INFO 1980 --- [omis-backend] [main] o.f.core.internal.command.DbMigrate      : Schema "public" is up to date. No migration necessary.
2025-10-01T22:04:39.408+01:00  INFO 1980 --- [omis-backend] [main] o.hibernate.jpa.internal.util.LogHelper  : HHH000204: Processing PersistenceUnitInfo [name: default]
2025-10-01T22:04:39.449+01:00  INFO 1980 --- [omis-backend] [main] org.hibernate.Version                    : HHH000412: Hibernate ORM core version 6.6.15.Final
2025-10-01T22:04:39.476+01:00  INFO 1980 --- [omis-backend] [main] o.h.c.internal.RegionFactoryInitiator    : HHH000026: Second-level cache disabled
2025-10-01T22:04:39.588+01:00  INFO 1980 --- [omis-backend] [main] org.hibernate.orm.connections.pooling    : HHH10001005: Database info:
	Database JDBC URL [Connecting through datasource 'HikariDataSource (HikariPool-1)']
	Database driver: undefined/unknown
	Database version: 17.5
	Autocommit mode: undefined/unknown
	Isolation level: undefined/unknown
	Minimum pool size: undefined/unknown
	Maximum pool size: undefined/unknown
2025-10-01T22:04:39.744+01:00  INFO 1980 --- [omis-backend] [main] o.s.o.j.p.SpringPersistenceUnitInfo      : No LoadTimeWeaver setup: ignoring JPA class transformer
2025-10-01T22:04:40.408+01:00  INFO 1980 --- [omis-backend] [main] o.h.e.t.j.p.i.JtaPlatformInitiator       : HHH000489: No JTA platform available (set 'hibernate.transaction.jta.platform' to enable JTA platform integration)
2025-10-01T22:04:40.410+01:00  INFO 1980 --- [omis-backend] [main] j.LocalContainerEntityManagerFactoryBean : Initialized JPA EntityManagerFactory for persistence unit 'default'
2025-10-01T22:04:40.589+01:00  INFO 1980 --- [omis-backend] [main] o.s.d.j.r.query.QueryEnhancerFactory     : Hibernate is in classpath; If applicable, HQL parser will be used.
2025-10-01T22:04:41.368+01:00  INFO 1980 --- [omis-backend] [main] o.s.a.m.s.a.McpServerAutoConfiguration   : Enable tools capabilities, notification: true
2025-10-01T22:04:41.369+01:00  INFO 1980 --- [omis-backend] [main] o.s.a.m.s.a.McpServerAutoConfiguration   : Registered tools: 1
2025-10-01T22:04:41.369+01:00  INFO 1980 --- [omis-backend] [main] o.s.a.m.s.a.McpServerAutoConfiguration   : Enable resources capabilities, notification: true
2025-10-01T22:04:41.369+01:00  INFO 1980 --- [omis-backend] [main] o.s.a.m.s.a.McpServerAutoConfiguration   : Enable prompts capabilities, notification: true
2025-10-01T22:04:41.369+01:00  INFO 1980 --- [omis-backend] [main] o.s.a.m.s.a.McpServerAutoConfiguration   : Enable completions capabilities
2025-10-01T22:04:41.556+01:00  INFO 1980 --- [omis-backend] [main] com.tms.palm.omis.OmisApplication        : Started OmisApplication in 3.962 seconds (process running for 4.241)
2025-10-01T22:04:43.899+01:00  INFO 1980 --- [omis-backend] [SpringApplicationShutdownHook] j.LocalContainerEntityManagerFactoryBean : Closing JPA EntityManagerFactory for persistence unit 'default'
2025-10-01T22:04:43.901+01:00  INFO 1980 --- [omis-backend] [SpringApplicationShutdownHook] com.zaxxer.hikari.HikariDataSource       : HikariPool-1 - Shutdown initiated...
2025-10-01T22:04:43.902+01:00  INFO 1980 --- [omis-backend] [SpringApplicationShutdownHook] com.zaxxer.hikari.HikariDataSource       : HikariPool-1 - Shutdown completed.
